<?xml version="1.0" encoding="ISO-8859-1"?>
<?xml-stylesheet type='text/xsl' href='fdu_report.xsl'?>
<report app="map" design="snake_top" label="FDE Mapping Report File">
	<section id="Type_Count" label="Type Count">
		<table id="General_Table">
			<column id="Type_Name" label="Type Name"/>
			<column id="Count" label="Count"/>
			<row id="1">
				<item id="Type_Name" value="FFLATCH"/>
				<item id="Count" value="768"/>
			</row>
			<row id="2">
				<item id="Type_Name" value="FFLATCH_DFFHQ"/>
				<item id="Count" value="2"/>
			</row>
			<row id="3">
				<item id="Type_Name" value="FFLATCH_DFFRHQ"/>
				<item id="Count" value="437"/>
			</row>
			<row id="4">
				<item id="Type_Name" value="FFLATCH_DFFSHQ"/>
				<item id="Count" value="3"/>
			</row>
			<row id="5">
				<item id="Type_Name" value="FFLATCH_EDFFHQ"/>
				<item id="Count" value="326"/>
			</row>
			<row id="6">
				<item id="Type_Name" value="LUT"/>
				<item id="Count" value="1295"/>
			</row>
			<row id="7">
				<item id="Type_Name" value="LUT2"/>
				<item id="Count" value="226"/>
			</row>
			<row id="8">
				<item id="Type_Name" value="LUT3"/>
				<item id="Count" value="282"/>
			</row>
			<row id="9">
				<item id="Type_Name" value="LUT4"/>
				<item id="Count" value="787"/>
			</row>
			<row id="10">
				<item id="Type_Name" value="MACRO"/>
				<item id="Count" value="70"/>
			</row>
			<row id="11">
				<item id="Type_Name" value="MACRO_IPAD"/>
				<item id="Count" value="14"/>
			</row>
			<row id="12">
				<item id="Type_Name" value="MACRO_LOGIC_0"/>
				<item id="Count" value="1"/>
			</row>
			<row id="13">
				<item id="Type_Name" value="MACRO_LOGIC_1"/>
				<item id="Count" value="1"/>
			</row>
			<row id="14">
				<item id="Type_Name" value="MACRO_OPAD"/>
				<item id="Count" value="54"/>
			</row>
		</table>
	</section>
</report>

