[2023-04-09, 10:17:13.623319] place: INFO : Release 1.0 - Place
Copyright (c) 2006-2009 FPGA-SoftwareGP.MEKeylab.FDU   All rights reserved.
[2023-04-09, 10:17:13.623319] place: INFO : Progress    0%: parsing commands ...
[2023-04-09, 10:17:13.623319] place: INFO : Progress   10%: loading arch library "D:\FDE2021\hw_lib\fdp3p7_arch.xml" ...
[2023-04-09, 10:17:13.762162] place: INFO : Progress   20%: loading netlist "final_snake_fde_yosys_pack.xml" ...
[2023-04-09, 10:17:13.789554] place: INFO : Progress   30%: loading constraint "D:\fudan\grade_3\FPGA_snake\test\snake_test_clock\glu_test_clock\snake_test_clock.xml" ...
[2023-04-09, 10:17:13.789554] place: INFO : Effort Level  : 10
[2023-04-09, 10:17:13.789554] place: INFO : Mode          : Timing Driven
[2023-04-09, 10:17:13.789554] place: INFO : Progress   40%: loading delay library "D:\FDE2021\hw_lib\fdp3p7_dly.xml" ...
[2023-04-09, 10:17:13.789554] place: INFO : Design        : "snake_top", resource statistic:
[2023-04-09, 10:17:13.789554] place: INFO :   * Amount of GCLK: 1
[2023-04-09, 10:17:13.789554] place: INFO :   * Amount of GCLKIOB: 1
[2023-04-09, 10:17:13.789554] place: INFO :   * Amount of IOB: 61
[2023-04-09, 10:17:13.789554] place: INFO :   * Amount of SLICE: 623
[2023-04-09, 10:17:13.789554] place: INFO :   * Amount of Net: 1334
[2023-04-09, 10:17:13.789554] place: INFO : Device        : "fdp3000k", resource usage:
[2023-04-09, 10:17:13.789554] place: INFO :   * Proportion of GCLK: 25.00%
[2023-04-09, 10:17:13.789554] place: INFO :   * Proportion of GCLKIOB: 25.00%
[2023-04-09, 10:17:13.789554] place: INFO :   * Proportion of IOB: 42.96%
[2023-04-09, 10:17:13.789554] place: INFO :   * Proportion of SLICE(LUT0): 20.28%
[2023-04-09, 10:17:13.789554] place: INFO : Progress   50%: build FPGA architecture ...
[2023-04-09, 10:17:13.820720] place: INFO : Progress   60%: begin to initially place ...
[2023-04-09, 10:17:13.840375] place: INFO :   * Initial cost = 1
[2023-04-09, 10:17:13.840375] place: INFO : Progress   70%: begin to perform place iteration ...
[2023-04-09, 10:17:13.855111] place: INFO : Progress   80%: begin to perform final place iteration ...
[2023-04-09, 10:17:14.321754] place: INFO :   * Final cost = 0.999738
[2023-04-09, 10:17:14.321754] place: INFO : Progress   90%: begin to write placed netlist ...
[2023-04-09, 10:17:14.388361] place: INFO : Successfully finish placement. Elapsed Time: 1s
[2023-04-09, 10:23:02.561451] place: INFO : Release 1.0 - Place
Copyright (c) 2006-2009 FPGA-SoftwareGP.MEKeylab.FDU   All rights reserved.
[2023-04-09, 10:23:02.561451] place: INFO : Progress    0%: parsing commands ...
[2023-04-09, 10:23:02.561451] place: INFO : Progress   10%: loading arch library "D:\FDE2021\hw_lib\fdp3p7_arch.xml" ...
[2023-04-09, 10:23:02.687048] place: INFO : Progress   20%: loading netlist "final_snake_fde_yosys_pack.xml" ...
[2023-04-09, 10:23:02.718699] place: INFO : Progress   30%: loading constraint "D:\fudan\grade_3\FPGA_snake\FINAL\top_module.xml" ...
[2023-04-09, 10:23:02.718699] place: INFO : Effort Level  : 10
[2023-04-09, 10:23:02.718699] place: INFO : Mode          : Timing Driven
[2023-04-09, 10:23:02.718699] place: INFO : Progress   40%: loading delay library "D:\FDE2021\hw_lib\fdp3p7_dly.xml" ...
[2023-04-09, 10:23:02.718699] place: INFO : Design        : "snake_top", resource statistic:
[2023-04-09, 10:23:02.718699] place: INFO :   * Amount of GCLK: 1
[2023-04-09, 10:23:02.718699] place: INFO :   * Amount of GCLKIOB: 1
[2023-04-09, 10:23:02.718699] place: INFO :   * Amount of IOB: 67
[2023-04-09, 10:23:02.718699] place: INFO :   * Amount of SLICE: 661
[2023-04-09, 10:23:02.718699] place: INFO :   * Amount of Net: 1415
[2023-04-09, 10:23:02.718699] place: INFO : Device        : "fdp3000k", resource usage:
[2023-04-09, 10:23:02.718699] place: INFO :   * Proportion of GCLK: 25.00%
[2023-04-09, 10:23:02.718699] place: INFO :   * Proportion of GCLKIOB: 25.00%
[2023-04-09, 10:23:02.718699] place: INFO :   * Proportion of IOB: 47.18%
[2023-04-09, 10:23:02.718699] place: INFO :   * Proportion of SLICE(LUT0): 21.52%
[2023-04-09, 10:23:02.718699] place: INFO : Progress   50%: build FPGA architecture ...
[2023-04-09, 10:23:02.749952] place: INFO : Progress   60%: begin to initially place ...
[2023-04-09, 10:23:02.781203] place: INFO :   * Initial cost = 1
[2023-04-09, 10:23:02.781203] place: INFO : Progress   70%: begin to perform place iteration ...
[2023-04-09, 10:23:02.781203] place: INFO : Progress   80%: begin to perform final place iteration ...
[2023-04-09, 10:23:03.315254] place: INFO :   * Final cost = 0.999854
[2023-04-09, 10:23:03.315254] place: INFO : Progress   90%: begin to write placed netlist ...
[2023-04-09, 10:23:03.395899] place: INFO : Successfully finish placement. Elapsed Time: 1s
[2023-04-09, 12:24:16.390425] place: INFO : Release 1.0 - Place
Copyright (c) 2006-2009 FPGA-SoftwareGP.MEKeylab.FDU   All rights reserved.
[2023-04-09, 12:24:16.390425] place: INFO : Progress    0%: parsing commands ...
[2023-04-09, 12:24:16.390425] place: INFO : Progress   10%: loading arch library "D:\FDE2021\hw_lib\fdp3p7_arch.xml" ...
[2023-04-09, 12:24:16.531881] place: INFO : Progress   20%: loading netlist "final_snake_fde_yosys_pack.xml" ...
[2023-04-09, 12:24:16.563542] place: INFO : Progress   30%: loading constraint "D:\fudan\grade_3\FPGA_snake\FINAL\top_module.xml" ...
[2023-04-09, 12:24:16.563542] place: INFO : Effort Level  : 10
[2023-04-09, 12:24:16.563542] place: INFO : Mode          : Timing Driven
[2023-04-09, 12:24:16.563542] place: INFO : Progress   40%: loading delay library "D:\FDE2021\hw_lib\fdp3p7_dly.xml" ...
[2023-04-09, 12:24:16.563542] place: INFO : Design        : "snake_top", resource statistic:
[2023-04-09, 12:24:16.563542] place: INFO :   * Amount of GCLK: 1
[2023-04-09, 12:24:16.563542] place: INFO :   * Amount of GCLKIOB: 1
[2023-04-09, 12:24:16.563542] place: INFO :   * Amount of IOB: 67
[2023-04-09, 12:24:16.563542] place: INFO :   * Amount of SLICE: 655
[2023-04-09, 12:24:16.563542] place: INFO :   * Amount of Net: 1401
[2023-04-09, 12:24:16.563542] place: INFO : Device        : "fdp3000k", resource usage:
[2023-04-09, 12:24:16.563542] place: INFO :   * Proportion of GCLK: 25.00%
[2023-04-09, 12:24:16.563542] place: INFO :   * Proportion of GCLKIOB: 25.00%
[2023-04-09, 12:24:16.563542] place: INFO :   * Proportion of IOB: 47.18%
[2023-04-09, 12:24:16.563542] place: INFO :   * Proportion of SLICE(LUT0): 21.32%
[2023-04-09, 12:24:16.563542] place: INFO : Progress   50%: build FPGA architecture ...
[2023-04-09, 12:24:16.595377] place: INFO : Progress   60%: begin to initially place ...
[2023-04-09, 12:24:16.626536] place: INFO :   * Initial cost = 1
[2023-04-09, 12:24:16.626536] place: INFO : Progress   70%: begin to perform place iteration ...
[2023-04-09, 12:24:16.626536] place: INFO : Progress   80%: begin to perform final place iteration ...
[2023-04-09, 12:24:17.334982] place: INFO :   * Final cost = 0.999758
[2023-04-09, 12:24:17.334982] place: INFO : Progress   90%: begin to write placed netlist ...
[2023-04-09, 12:24:17.397919] place: INFO : Successfully finish placement. Elapsed Time: 1s
[2023-04-09, 12:30:37.000971] place: INFO : Release 1.0 - Place
Copyright (c) 2006-2009 FPGA-SoftwareGP.MEKeylab.FDU   All rights reserved.
[2023-04-09, 12:30:37.000971] place: INFO : Progress    0%: parsing commands ...
[2023-04-09, 12:30:37.000971] place: INFO : Progress   10%: loading arch library "D:\FDE2021\hw_lib\fdp3p7_arch.xml" ...
[2023-04-09, 12:30:37.126441] place: INFO : Progress   20%: loading netlist "final_snake_fde_yosys_pack.xml" ...
[2023-04-09, 12:30:37.157693] place: INFO : Progress   30%: loading constraint "D:\fudan\grade_3\FPGA_snake\FINAL\top_module.xml" ...
[2023-04-09, 12:30:37.157693] place: INFO : Effort Level  : 10
[2023-04-09, 12:30:37.157693] place: INFO : Mode          : Timing Driven
[2023-04-09, 12:30:37.157693] place: INFO : Progress   40%: loading delay library "D:\FDE2021\hw_lib\fdp3p7_dly.xml" ...
[2023-04-09, 12:30:37.167217] place: INFO : Design        : "snake_top", resource statistic:
[2023-04-09, 12:30:37.167217] place: INFO :   * Amount of GCLK: 1
[2023-04-09, 12:30:37.167217] place: INFO :   * Amount of GCLKIOB: 1
[2023-04-09, 12:30:37.167217] place: INFO :   * Amount of IOB: 67
[2023-04-09, 12:30:37.167217] place: INFO :   * Amount of SLICE: 660
[2023-04-09, 12:30:37.167217] place: INFO :   * Amount of Net: 1411
[2023-04-09, 12:30:37.167217] place: INFO : Device        : "fdp3000k", resource usage:
[2023-04-09, 12:30:37.167217] place: INFO :   * Proportion of GCLK: 25.00%
[2023-04-09, 12:30:37.167217] place: INFO :   * Proportion of GCLKIOB: 25.00%
[2023-04-09, 12:30:37.167217] place: INFO :   * Proportion of IOB: 47.18%
[2023-04-09, 12:30:37.167217] place: INFO :   * Proportion of SLICE(LUT0): 21.48%
[2023-04-09, 12:30:37.174301] place: INFO : Progress   50%: build FPGA architecture ...
[2023-04-09, 12:30:37.190233] place: INFO : Progress   60%: begin to initially place ...
[2023-04-09, 12:30:37.221495] place: INFO :   * Initial cost = 1
[2023-04-09, 12:30:37.221495] place: INFO : Progress   70%: begin to perform place iteration ...
[2023-04-09, 12:30:37.221495] place: INFO : Progress   80%: begin to perform final place iteration ...
[2023-04-09, 12:30:37.740178] place: INFO :   * Final cost = 0.999854
[2023-04-09, 12:30:37.755804] place: INFO : Progress   90%: begin to write placed netlist ...
[2023-04-09, 12:30:37.834843] place: INFO : Successfully finish placement. Elapsed Time: 0s
[2023-04-09, 15:59:52.952674] place: INFO : Release 1.0 - Place
Copyright (c) 2006-2009 FPGA-SoftwareGP.MEKeylab.FDU   All rights reserved.
[2023-04-09, 15:59:52.952674] place: INFO : Progress    0%: parsing commands ...
[2023-04-09, 15:59:52.952674] place: INFO : Progress   10%: loading arch library "D:\FDE2021\hw_lib\fdp3p7_arch.xml" ...
[2023-04-09, 15:59:53.093749] place: INFO : Progress   20%: loading netlist "final_snake_fde_yosys_pack.xml" ...
[2023-04-09, 15:59:53.125425] place: INFO : Progress   30%: loading constraint "D:\fudan\grade_3\FPGA_snake\test\lu_final\src\lu_final.xml" ...
[2023-04-09, 15:59:53.125425] place: INFO : Effort Level  : 10
[2023-04-09, 15:59:53.125425] place: INFO : Mode          : Timing Driven
[2023-04-09, 15:59:53.125425] place: INFO : Progress   40%: loading delay library "D:\FDE2021\hw_lib\fdp3p7_dly.xml" ...
[2023-04-09, 15:59:53.125425] place: INFO : Design        : "snake_top", resource statistic:
[2023-04-09, 15:59:53.125425] place: INFO :   * Amount of GCLK: 1
[2023-04-09, 15:59:53.125425] place: INFO :   * Amount of GCLKIOB: 1
[2023-04-09, 15:59:53.125425] place: INFO :   * Amount of IOB: 67
[2023-04-09, 15:59:53.125425] place: INFO :   * Amount of SLICE: 661
[2023-04-09, 15:59:53.125425] place: INFO :   * Amount of Net: 1415
[2023-04-09, 15:59:53.125425] place: INFO : Device        : "fdp3000k", resource usage:
[2023-04-09, 15:59:53.125425] place: INFO :   * Proportion of GCLK: 25.00%
[2023-04-09, 15:59:53.125425] place: INFO :   * Proportion of GCLKIOB: 25.00%
[2023-04-09, 15:59:53.125425] place: INFO :   * Proportion of IOB: 47.18%
[2023-04-09, 15:59:53.125425] place: INFO :   * Proportion of SLICE(LUT0): 21.52%
[2023-04-09, 15:59:53.125425] place: INFO : Progress   50%: build FPGA architecture ...
[2023-04-09, 15:59:53.157121] place: INFO : Progress   60%: begin to initially place ...
[2023-04-09, 15:59:53.172775] place: INFO :   * Initial cost = 1
[2023-04-09, 15:59:53.172775] place: INFO : Progress   70%: begin to perform place iteration ...
[2023-04-09, 15:59:53.188768] place: INFO : Progress   80%: begin to perform final place iteration ...
[2023-04-09, 15:59:53.724004] place: INFO :   * Final cost = 0.99979
[2023-04-09, 15:59:53.724004] place: INFO : Progress   90%: begin to write placed netlist ...
[2023-04-09, 15:59:53.802141] place: INFO : Successfully finish placement. Elapsed Time: 1s
[2023-04-09, 16:04:12.042973] place: INFO : Release 1.0 - Place
Copyright (c) 2006-2009 FPGA-SoftwareGP.MEKeylab.FDU   All rights reserved.
[2023-04-09, 16:04:12.042973] place: INFO : Progress    0%: parsing commands ...
[2023-04-09, 16:04:12.042973] place: INFO : Progress   10%: loading arch library "D:\FDE2021\hw_lib\fdp3p7_arch.xml" ...
[2023-04-09, 16:04:12.187862] place: INFO : Progress   20%: loading netlist "final_snake_fde_yosys_pack.xml" ...
[2023-04-09, 16:04:12.202200] place: INFO : Progress   30%: loading constraint "D:\fudan\grade_3\FPGA_snake\test\lu_final\src\lu_final.xml" ...
[2023-04-09, 16:04:12.202200] place: INFO : Effort Level  : 10
[2023-04-09, 16:04:12.217852] place: INFO : Mode          : Timing Driven
[2023-04-09, 16:04:12.217852] place: INFO : Progress   40%: loading delay library "D:\FDE2021\hw_lib\fdp3p7_dly.xml" ...
[2023-04-09, 16:04:12.217852] place: INFO : Design        : "snake_top", resource statistic:
[2023-04-09, 16:04:12.217852] place: INFO :   * Amount of GCLK: 1
[2023-04-09, 16:04:12.217852] place: INFO :   * Amount of GCLKIOB: 1
[2023-04-09, 16:04:12.217852] place: INFO :   * Amount of IOB: 67
[2023-04-09, 16:04:12.217852] place: INFO :   * Amount of SLICE: 653
[2023-04-09, 16:04:12.217852] place: INFO :   * Amount of Net: 1399
[2023-04-09, 16:04:12.217852] place: INFO : Device        : "fdp3000k", resource usage:
[2023-04-09, 16:04:12.217852] place: INFO :   * Proportion of GCLK: 25.00%
[2023-04-09, 16:04:12.217852] place: INFO :   * Proportion of GCLKIOB: 25.00%
[2023-04-09, 16:04:12.217852] place: INFO :   * Proportion of IOB: 47.18%
[2023-04-09, 16:04:12.217852] place: INFO :   * Proportion of SLICE(LUT0): 21.26%
[2023-04-09, 16:04:12.217852] place: INFO : Progress   50%: build FPGA architecture ...
[2023-04-09, 16:04:12.249537] place: INFO : Progress   60%: begin to initially place ...
[2023-04-09, 16:04:12.271051] place: INFO :   * Initial cost = 1
[2023-04-09, 16:04:12.271051] place: INFO : Progress   70%: begin to perform place iteration ...
[2023-04-09, 16:04:12.281076] place: INFO : Progress   80%: begin to perform final place iteration ...
[2023-04-09, 16:04:12.799581] place: INFO :   * Final cost = 0.99971
[2023-04-09, 16:04:12.799581] place: INFO : Progress   90%: begin to write placed netlist ...
[2023-04-09, 16:04:12.877895] place: INFO : Successfully finish placement. Elapsed Time: 0s
[2023-04-10, 12:13:40.474619] place: INFO : Release 1.0 - Place
Copyright (c) 2006-2009 FPGA-SoftwareGP.MEKeylab.FDU   All rights reserved.
[2023-04-10, 12:13:40.474619] place: INFO : Progress    0%: parsing commands ...
[2023-04-10, 12:13:40.474619] place: INFO : Progress   10%: loading arch library "D:\FDE2021\hw_lib\fdp3p7_arch.xml" ...
[2023-04-10, 12:13:40.629975] place: INFO : Progress   20%: loading netlist "final_snake_fde_yosys_pack.xml" ...
[2023-04-10, 12:13:40.661227] place: INFO : Progress   30%: loading constraint "D:\fudan\grade_3\FPGA_snake\test\lu_final\src\lu_final.xml" ...
[2023-04-10, 12:13:40.661227] place: ERROR: F:\FDE+Yosys\fde-master\src\common\io\xml\loadxml.cpp(224): parse failed. constraint: level[0] not found
[2023-04-10, 12:13:40.661227] place: ERROR: [FILE_ERROR] can NOT load constraint.
[2023-04-10, 12:15:29.001935] place: INFO : Release 1.0 - Place
Copyright (c) 2006-2009 FPGA-SoftwareGP.MEKeylab.FDU   All rights reserved.
[2023-04-10, 12:15:29.001935] place: INFO : Progress    0%: parsing commands ...
[2023-04-10, 12:15:29.001935] place: INFO : Progress   10%: loading arch library "D:\FDE2021\hw_lib\fdp3p7_arch.xml" ...
[2023-04-10, 12:15:29.143402] place: INFO : Progress   20%: loading netlist "final_snake_fde_yosys_pack.xml" ...
[2023-04-10, 12:15:29.174674] place: INFO : Progress   30%: loading constraint "D:\fudan\grade_3\FPGA_snake\FINAL\final_snake\snake_con.xml" ...
[2023-04-10, 12:15:29.174674] place: INFO : Effort Level  : 10
[2023-04-10, 12:15:29.174674] place: INFO : Mode          : Timing Driven
[2023-04-10, 12:15:29.174674] place: INFO : Progress   40%: loading delay library "D:\FDE2021\hw_lib\fdp3p7_dly.xml" ...
[2023-04-10, 12:15:29.174674] place: INFO : Design        : "snake_top", resource statistic:
[2023-04-10, 12:15:29.174674] place: INFO :   * Amount of GCLK: 1
[2023-04-10, 12:15:29.174674] place: INFO :   * Amount of GCLKIOB: 1
[2023-04-10, 12:15:29.174674] place: INFO :   * Amount of IOB: 67
[2023-04-10, 12:15:29.174674] place: INFO :   * Amount of SLICE: 658
[2023-04-10, 12:15:29.174674] place: INFO :   * Amount of Net: 1409
[2023-04-10, 12:15:29.174674] place: INFO : Device        : "fdp3000k", resource usage:
[2023-04-10, 12:15:29.174674] place: INFO :   * Proportion of GCLK: 25.00%
[2023-04-10, 12:15:29.174674] place: INFO :   * Proportion of GCLKIOB: 25.00%
[2023-04-10, 12:15:29.174674] place: INFO :   * Proportion of IOB: 47.18%
[2023-04-10, 12:15:29.174674] place: INFO :   * Proportion of SLICE(LUT0): 21.42%
[2023-04-10, 12:15:29.174674] place: INFO : Progress   50%: build FPGA architecture ...
[2023-04-10, 12:15:29.205906] place: INFO : Progress   60%: begin to initially place ...
[2023-04-10, 12:15:29.238123] place: INFO :   * Initial cost = 1
[2023-04-10, 12:15:29.238123] place: INFO : Progress   70%: begin to perform place iteration ...
[2023-04-10, 12:15:29.238123] place: INFO : Progress   80%: begin to perform final place iteration ...
[2023-04-10, 12:15:29.741149] place: INFO :   * Final cost = 0.999556
[2023-04-10, 12:15:29.741149] place: INFO : Progress   90%: begin to write placed netlist ...
[2023-04-10, 12:15:29.828331] place: INFO : Successfully finish placement. Elapsed Time: 0s
[2023-04-10, 18:17:10.048751] place: INFO : Release 1.0 - Place
Copyright (c) 2006-2009 FPGA-SoftwareGP.MEKeylab.FDU   All rights reserved.
[2023-04-10, 18:17:10.049755] place: INFO : Progress    0%: parsing commands ...
[2023-04-10, 18:17:10.049755] place: INFO : Progress   10%: loading arch library "D:\FDE2021\hw_lib\fdp3p7_arch.xml" ...
[2023-04-10, 18:17:10.196339] place: INFO : Progress   20%: loading netlist "final_snake_fde_yosys_pack.xml" ...
[2023-04-10, 18:17:10.247837] place: INFO : Progress   30%: loading constraint "D:\fudan\grade_3\FPGA_snake\FINAL\final_snake\snake_con.xml" ...
[2023-04-10, 18:17:10.247837] place: INFO : Effort Level  : 10
[2023-04-10, 18:17:10.247837] place: INFO : Mode          : Timing Driven
[2023-04-10, 18:17:10.247837] place: INFO : Progress   40%: loading delay library "D:\FDE2021\hw_lib\fdp3p7_dly.xml" ...
[2023-04-10, 18:17:10.258840] place: INFO : Design        : "snake_top", resource statistic:
[2023-04-10, 18:17:10.258840] place: INFO :   * Amount of GCLK: 1
[2023-04-10, 18:17:10.258840] place: INFO :   * Amount of GCLKIOB: 1
[2023-04-10, 18:17:10.258840] place: INFO :   * Amount of IOB: 67
[2023-04-10, 18:17:10.258840] place: INFO :   * Amount of SLICE: 658
[2023-04-10, 18:17:10.258840] place: INFO :   * Amount of Net: 1409
[2023-04-10, 18:17:10.259842] place: INFO : Device        : "fdp3000k", resource usage:
[2023-04-10, 18:17:10.259842] place: INFO :   * Proportion of GCLK: 25.00%
[2023-04-10, 18:17:10.259842] place: INFO :   * Proportion of GCLKIOB: 25.00%
[2023-04-10, 18:17:10.259842] place: INFO :   * Proportion of IOB: 47.18%
[2023-04-10, 18:17:10.259842] place: INFO :   * Proportion of SLICE(LUT0): 21.42%
[2023-04-10, 18:17:10.259842] place: INFO : Progress   50%: build FPGA architecture ...
[2023-04-10, 18:17:10.318435] place: INFO : Progress   60%: begin to initially place ...
[2023-04-10, 18:17:10.345187] place: INFO :   * Initial cost = 1
[2023-04-10, 18:17:10.345187] place: INFO : Progress   70%: begin to perform place iteration ...
[2023-04-10, 18:17:10.345187] place: INFO : Progress   80%: begin to perform final place iteration ...
[2023-04-10, 18:17:10.878703] place: INFO :   * Final cost = 0.999556
[2023-04-10, 18:17:10.878703] place: INFO : Progress   90%: begin to write placed netlist ...
[2023-04-10, 18:17:10.960756] place: INFO : Successfully finish placement. Elapsed Time: 0s
[2023-04-10, 19:24:12.056734] place: INFO : Release 1.0 - Place
Copyright (c) 2006-2009 FPGA-SoftwareGP.MEKeylab.FDU   All rights reserved.
[2023-04-10, 19:24:12.056734] place: INFO : Progress    0%: parsing commands ...
[2023-04-10, 19:24:12.056734] place: INFO : Progress   10%: loading arch library "D:\FDE2021\hw_lib\fdp3p7_arch.xml" ...
[2023-04-10, 19:24:12.191724] place: INFO : Progress   20%: loading netlist "final_snake_fde_yosys_pack.xml" ...
[2023-04-10, 19:24:12.213902] place: INFO : Progress   30%: loading constraint "D:\fudan\grade_3\FPGA_snake\FINAL\final_snake\snake_con.xml" ...
[2023-04-10, 19:24:12.213902] place: INFO : Effort Level  : 10
[2023-04-10, 19:24:12.213902] place: INFO : Mode          : Timing Driven
[2023-04-10, 19:24:12.213902] place: INFO : Progress   40%: loading delay library "D:\FDE2021\hw_lib\fdp3p7_dly.xml" ...
[2023-04-10, 19:24:12.230380] place: INFO : Design        : "snake_top", resource statistic:
[2023-04-10, 19:24:12.230380] place: INFO :   * Amount of GCLK: 1
[2023-04-10, 19:24:12.230380] place: INFO :   * Amount of GCLKIOB: 1
[2023-04-10, 19:24:12.230380] place: INFO :   * Amount of IOB: 67
[2023-04-10, 19:24:12.230380] place: INFO :   * Amount of SLICE: 657
[2023-04-10, 19:24:12.230380] place: INFO :   * Amount of Net: 1406
[2023-04-10, 19:24:12.230380] place: INFO : Device        : "fdp3000k", resource usage:
[2023-04-10, 19:24:12.230380] place: INFO :   * Proportion of GCLK: 25.00%
[2023-04-10, 19:24:12.230380] place: INFO :   * Proportion of GCLKIOB: 25.00%
[2023-04-10, 19:24:12.230380] place: INFO :   * Proportion of IOB: 47.18%
[2023-04-10, 19:24:12.230380] place: INFO :   * Proportion of SLICE(LUT0): 21.39%
[2023-04-10, 19:24:12.230380] place: INFO : Progress   50%: build FPGA architecture ...
[2023-04-10, 19:24:12.245723] place: INFO : Progress   60%: begin to initially place ...
[2023-04-10, 19:24:12.277004] place: INFO :   * Initial cost = 1
[2023-04-10, 19:24:12.277004] place: INFO : Progress   70%: begin to perform place iteration ...
[2023-04-10, 19:24:12.292031] place: INFO : Progress   80%: begin to perform final place iteration ...
[2023-04-10, 19:24:12.795493] place: INFO :   * Final cost = 0.999948
[2023-04-10, 19:24:12.795493] place: INFO : Progress   90%: begin to write placed netlist ...
[2023-04-10, 19:24:12.873879] place: INFO : Successfully finish placement. Elapsed Time: 0s
